<?xml version="1.0" encoding="UTF-8"?>
<!-- Generated by org.testng.reporters.JUnitXMLReporter -->
<testsuite ignored="0" hostname="LAPTOP-3MSUA5N1" failures="0" tests="11" name="Default test" time="373.422" errors="0" timestamp="2021-11-18T20:39:51 IST">
  <testcase classname="com.mindtree.runner.BigSmall_Runner" name="Login" time="37.345"/>
  <testcase classname="com.mindtree.runner.BigSmall_Runner" name="Invalid_Login" time="34.668"/>
  <testcase classname="com.mindtree.runner.BigSmall_Runner" name="Invalid_Login" time="37.827"/>
  <testcase classname="com.mindtree.runner.BigSmall_Runner" name="Forgot_Login" time="40.18"/>
  <testcase classname="com.mindtree.runner.BigSmall_Runner" name="SearchBar" time="60.418"/>
  <testcase classname="com.mindtree.runner.BigSmall_Runner" name="Header" time="31.832"/>
  <testcase classname="com.mindtree.runner.BigSmall_Runner" name="Latest" time="32.176"/>
  <testcase classname="com.mindtree.runner.BigSmall_Runner" name="Wishlist" time="15.194"/>
  <testcase classname="com.mindtree.runner.BigSmall_Runner" name="Cart_checkout" time="28.783"/>
  <testcase classname="com.mindtree.runner.BigSmall_Runner" name="Cart_remove" time="19.052"/>
  <testcase classname="com.mindtree.runner.BigSmall_Runner" name="Footer_ContactUS" time="28.534"/>
</testsuite> <!-- Default test -->
