<?xml version="1.0" encoding="UTF-8"?>
<!-- Generated by org.testng.reporters.JUnitXMLReporter -->
<testsuite ignored="0" hostname="LAPTOP-3MSUA5N1" failures="0" tests="11" name="Default test" time="433.72" errors="0" timestamp="2021-11-19T14:41:04 IST">
  <testcase classname="com.mindtree.runner.BigSmall_Runner" name="Login" time="55.011"/>
  <testcase classname="com.mindtree.runner.BigSmall_Runner" name="Invalid_Login" time="47.34"/>
  <testcase classname="com.mindtree.runner.BigSmall_Runner" name="Invalid_Login" time="44.112"/>
  <testcase classname="com.mindtree.runner.BigSmall_Runner" name="Forgot_Login" time="49.78"/>
  <testcase classname="com.mindtree.runner.BigSmall_Runner" name="SearchBar" time="76.999"/>
  <testcase classname="com.mindtree.runner.BigSmall_Runner" name="Header" time="32.623"/>
  <testcase classname="com.mindtree.runner.BigSmall_Runner" name="Latest" time="33.558"/>
  <testcase classname="com.mindtree.runner.BigSmall_Runner" name="Wishlist" time="18.13"/>
  <testcase classname="com.mindtree.runner.BigSmall_Runner" name="Cart_checkout" time="21.333"/>
  <testcase classname="com.mindtree.runner.BigSmall_Runner" name="Cart_remove" time="19.171"/>
  <testcase classname="com.mindtree.runner.BigSmall_Runner" name="Footer_ContactUS" time="31.662"/>
</testsuite> <!-- Default test -->
