<?xml version="1.0" encoding="UTF-8"?>
<!-- Generated by org.testng.reporters.JUnitXMLReporter -->
<testsuite ignored="0" hostname="LAPTOP-3MSUA5N1" failures="0" tests="11" name="Test1" time="367.906" errors="0" timestamp="2021-11-18T20:48:38 IST">
  <testcase classname="com.mindtree.runner.BigSmall_Runner" name="Login" time="41.114"/>
  <testcase classname="com.mindtree.runner.BigSmall_Runner" name="Invalid_Login" time="34.16"/>
  <testcase classname="com.mindtree.runner.BigSmall_Runner" name="Invalid_Login" time="37.588"/>
  <testcase classname="com.mindtree.runner.BigSmall_Runner" name="Forgot_Login" time="39.029"/>
  <testcase classname="com.mindtree.runner.BigSmall_Runner" name="SearchBar" time="58.951"/>
  <testcase classname="com.mindtree.runner.BigSmall_Runner" name="Header" time="32.635"/>
  <testcase classname="com.mindtree.runner.BigSmall_Runner" name="Latest" time="31.728"/>
  <testcase classname="com.mindtree.runner.BigSmall_Runner" name="Wishlist" time="15.389"/>
  <testcase classname="com.mindtree.runner.BigSmall_Runner" name="Cart_checkout" time="26.583"/>
  <testcase classname="com.mindtree.runner.BigSmall_Runner" name="Cart_remove" time="19.298"/>
  <testcase classname="com.mindtree.runner.BigSmall_Runner" name="Footer_ContactUS" time="28.053"/>
</testsuite> <!-- Test1 -->
