<?xml version="1.0" encoding="UTF-8"?>
<testng-results ignored="0" total="11" passed="11" failed="0" skipped="0">
  <reporter-output>
  </reporter-output>
  <suite started-at="2021-11-18T20:42:30 IST" name="Suite" finished-at="2021-11-18T20:48:38 IST" duration-ms="367906">
    <groups>
    </groups>
    <test started-at="2021-11-18T20:42:30 IST" name="Test1" finished-at="2021-11-18T20:48:38 IST" duration-ms="367906">
      <class name="com.mindtree.runner.BigSmall_Runner">
        <test-method is-config="true" signature="set()[pri:0, instance:com.mindtree.runner.BigSmall_Runner@3943a2be]" started-at="2021-11-18T20:42:30 IST" name="set" finished-at="2021-11-18T20:42:30 IST" duration-ms="179" status="PASS">
          <reporter-output>
          </reporter-output>
        </test-method> <!-- set -->
        <test-method signature="Login()[pri:1, instance:com.mindtree.runner.BigSmall_Runner@3943a2be]" started-at="2021-11-18T20:42:30 IST" name="Login" finished-at="2021-11-18T20:43:11 IST" duration-ms="41114" status="PASS">
          <reporter-output>
          </reporter-output>
        </test-method> <!-- Login -->
        <test-method is-config="true" signature="meth()[pri:0, instance:com.mindtree.runner.BigSmall_Runner@3943a2be]" started-at="2021-11-18T20:43:11 IST" name="meth" finished-at="2021-11-18T20:43:11 IST" duration-ms="1" status="PASS">
          <reporter-output>
          </reporter-output>
        </test-method> <!-- meth -->
        <test-method signature="Invalid_Login(java.lang.String, java.lang.String)[pri:2, instance:com.mindtree.runner.BigSmall_Runner@3943a2be]" started-at="2021-11-18T20:43:11 IST" name="Invalid_Login" data-provider="data_values" finished-at="2021-11-18T20:43:45 IST" duration-ms="34160" status="PASS">
          <params>
            <param index="0">
              <value>
                <![CDATA[sedifek613@otozuz.com]]>
              </value>
            </param>
            <param index="1">
              <value>
                <![CDATA[book@123]]>
              </value>
            </param>
          </params>
          <reporter-output>
          </reporter-output>
        </test-method> <!-- Invalid_Login -->
        <test-method is-config="true" signature="meth()[pri:0, instance:com.mindtree.runner.BigSmall_Runner@3943a2be]" started-at="2021-11-18T20:43:45 IST" name="meth" finished-at="2021-11-18T20:43:45 IST" duration-ms="1" status="PASS">
          <reporter-output>
          </reporter-output>
        </test-method> <!-- meth -->
        <test-method signature="Invalid_Login(java.lang.String, java.lang.String)[pri:2, instance:com.mindtree.runner.BigSmall_Runner@3943a2be]" started-at="2021-11-18T20:43:45 IST" name="Invalid_Login" data-provider="data_values" finished-at="2021-11-18T20:44:23 IST" duration-ms="37588" status="PASS">
          <params>
            <param index="0">
              <value>
                <![CDATA[sedifek@otozuz.com]]>
              </value>
            </param>
            <param index="1">
              <value>
                <![CDATA[book@1]]>
              </value>
            </param>
          </params>
          <reporter-output>
          </reporter-output>
        </test-method> <!-- Invalid_Login -->
        <test-method is-config="true" signature="meth()[pri:0, instance:com.mindtree.runner.BigSmall_Runner@3943a2be]" started-at="2021-11-18T20:44:23 IST" name="meth" finished-at="2021-11-18T20:44:23 IST" duration-ms="1" status="PASS">
          <reporter-output>
          </reporter-output>
        </test-method> <!-- meth -->
        <test-method signature="Forgot_Login()[pri:3, instance:com.mindtree.runner.BigSmall_Runner@3943a2be]" started-at="2021-11-18T20:44:23 IST" name="Forgot_Login" finished-at="2021-11-18T20:45:02 IST" duration-ms="39029" status="PASS">
          <reporter-output>
          </reporter-output>
        </test-method> <!-- Forgot_Login -->
        <test-method is-config="true" signature="meth()[pri:0, instance:com.mindtree.runner.BigSmall_Runner@3943a2be]" started-at="2021-11-18T20:45:02 IST" name="meth" finished-at="2021-11-18T20:45:02 IST" duration-ms="0" status="PASS">
          <reporter-output>
          </reporter-output>
        </test-method> <!-- meth -->
        <test-method signature="SearchBar()[pri:4, instance:com.mindtree.runner.BigSmall_Runner@3943a2be]" started-at="2021-11-18T20:45:02 IST" name="SearchBar" finished-at="2021-11-18T20:46:01 IST" duration-ms="58951" status="PASS">
          <reporter-output>
          </reporter-output>
        </test-method> <!-- SearchBar -->
        <test-method is-config="true" signature="meth()[pri:0, instance:com.mindtree.runner.BigSmall_Runner@3943a2be]" started-at="2021-11-18T20:46:01 IST" name="meth" finished-at="2021-11-18T20:46:01 IST" duration-ms="0" status="PASS">
          <reporter-output>
          </reporter-output>
        </test-method> <!-- meth -->
        <test-method signature="Header()[pri:5, instance:com.mindtree.runner.BigSmall_Runner@3943a2be]" started-at="2021-11-18T20:46:01 IST" name="Header" finished-at="2021-11-18T20:46:33 IST" duration-ms="32635" status="PASS">
          <reporter-output>
          </reporter-output>
        </test-method> <!-- Header -->
        <test-method is-config="true" signature="meth()[pri:0, instance:com.mindtree.runner.BigSmall_Runner@3943a2be]" started-at="2021-11-18T20:46:33 IST" name="meth" finished-at="2021-11-18T20:46:33 IST" duration-ms="0" status="PASS">
          <reporter-output>
          </reporter-output>
        </test-method> <!-- meth -->
        <test-method signature="Latest()[pri:6, instance:com.mindtree.runner.BigSmall_Runner@3943a2be]" started-at="2021-11-18T20:46:33 IST" name="Latest" finished-at="2021-11-18T20:47:05 IST" duration-ms="31728" status="PASS">
          <reporter-output>
          </reporter-output>
        </test-method> <!-- Latest -->
        <test-method is-config="true" signature="meth()[pri:0, instance:com.mindtree.runner.BigSmall_Runner@3943a2be]" started-at="2021-11-18T20:47:05 IST" name="meth" finished-at="2021-11-18T20:47:05 IST" duration-ms="1" status="PASS">
          <reporter-output>
          </reporter-output>
        </test-method> <!-- meth -->
        <test-method signature="Wishlist()[pri:7, instance:com.mindtree.runner.BigSmall_Runner@3943a2be]" started-at="2021-11-18T20:47:05 IST" name="Wishlist" finished-at="2021-11-18T20:47:20 IST" duration-ms="15389" status="PASS">
          <reporter-output>
          </reporter-output>
        </test-method> <!-- Wishlist -->
        <test-method is-config="true" signature="meth()[pri:0, instance:com.mindtree.runner.BigSmall_Runner@3943a2be]" started-at="2021-11-18T20:47:20 IST" name="meth" finished-at="2021-11-18T20:47:20 IST" duration-ms="1" status="PASS">
          <reporter-output>
          </reporter-output>
        </test-method> <!-- meth -->
        <test-method signature="Cart_checkout()[pri:8, instance:com.mindtree.runner.BigSmall_Runner@3943a2be]" started-at="2021-11-18T20:47:20 IST" name="Cart_checkout" finished-at="2021-11-18T20:47:47 IST" duration-ms="26583" status="PASS">
          <reporter-output>
          </reporter-output>
        </test-method> <!-- Cart_checkout -->
        <test-method is-config="true" signature="meth()[pri:0, instance:com.mindtree.runner.BigSmall_Runner@3943a2be]" started-at="2021-11-18T20:47:47 IST" name="meth" finished-at="2021-11-18T20:47:47 IST" duration-ms="0" status="PASS">
          <reporter-output>
          </reporter-output>
        </test-method> <!-- meth -->
        <test-method signature="Cart_remove()[pri:9, instance:com.mindtree.runner.BigSmall_Runner@3943a2be]" started-at="2021-11-18T20:47:47 IST" name="Cart_remove" finished-at="2021-11-18T20:48:06 IST" duration-ms="19298" status="PASS">
          <reporter-output>
          </reporter-output>
        </test-method> <!-- Cart_remove -->
        <test-method is-config="true" signature="meth()[pri:0, instance:com.mindtree.runner.BigSmall_Runner@3943a2be]" started-at="2021-11-18T20:48:06 IST" name="meth" finished-at="2021-11-18T20:48:06 IST" duration-ms="0" status="PASS">
          <reporter-output>
          </reporter-output>
        </test-method> <!-- meth -->
        <test-method signature="Footer_ContactUS()[pri:10, instance:com.mindtree.runner.BigSmall_Runner@3943a2be]" started-at="2021-11-18T20:48:06 IST" name="Footer_ContactUS" finished-at="2021-11-18T20:48:34 IST" duration-ms="28053" status="PASS">
          <reporter-output>
          </reporter-output>
        </test-method> <!-- Footer_ContactUS -->
        <test-method is-config="true" signature="meth()[pri:0, instance:com.mindtree.runner.BigSmall_Runner@3943a2be]" started-at="2021-11-18T20:48:34 IST" name="meth" finished-at="2021-11-18T20:48:34 IST" duration-ms="0" status="PASS">
          <reporter-output>
          </reporter-output>
        </test-method> <!-- meth -->
        <test-method is-config="true" signature="end()[pri:0, instance:com.mindtree.runner.BigSmall_Runner@3943a2be]" started-at="2021-11-18T20:48:34 IST" name="end" finished-at="2021-11-18T20:48:38 IST" duration-ms="3145" status="PASS">
          <reporter-output>
          </reporter-output>
        </test-method> <!-- end -->
      </class> <!-- com.mindtree.runner.BigSmall_Runner -->
    </test> <!-- Test1 -->
  </suite> <!-- Suite -->
</testng-results>
