<?xml version="1.0" encoding="UTF-8"?>
<testng-results ignored="0" total="11" passed="11" failed="0" skipped="0">
  <reporter-output>
  </reporter-output>
  <suite started-at="2021-11-18T20:33:38 IST" name="Default suite" finished-at="2021-11-18T20:39:51 IST" duration-ms="373422">
    <groups>
    </groups>
    <test started-at="2021-11-18T20:33:38 IST" name="Default test" finished-at="2021-11-18T20:39:51 IST" duration-ms="373422">
      <class name="com.mindtree.runner.BigSmall_Runner">
        <test-method is-config="true" signature="set()[pri:0, instance:com.mindtree.runner.BigSmall_Runner@67f639d3]" started-at="2021-11-18T20:33:38 IST" name="set" finished-at="2021-11-18T20:33:38 IST" duration-ms="175" status="PASS">
          <reporter-output>
          </reporter-output>
        </test-method> <!-- set -->
        <test-method signature="Login()[pri:1, instance:com.mindtree.runner.BigSmall_Runner@67f639d3]" started-at="2021-11-18T20:33:38 IST" name="Login" finished-at="2021-11-18T20:34:15 IST" duration-ms="37345" status="PASS">
          <reporter-output>
          </reporter-output>
        </test-method> <!-- Login -->
        <test-method is-config="true" signature="meth()[pri:0, instance:com.mindtree.runner.BigSmall_Runner@67f639d3]" started-at="2021-11-18T20:34:15 IST" name="meth" finished-at="2021-11-18T20:34:15 IST" duration-ms="1" status="PASS">
          <reporter-output>
          </reporter-output>
        </test-method> <!-- meth -->
        <test-method signature="Invalid_Login(java.lang.String,java.lang.String)[pri:2, instance:com.mindtree.runner.BigSmall_Runner@67f639d3]" started-at="2021-11-18T20:34:15 IST" name="Invalid_Login" data-provider="data_values" finished-at="2021-11-18T20:34:50 IST" duration-ms="34668" status="PASS">
          <params>
            <param index="0">
              <value>
                <![CDATA[sedifek613@otozuz.com]]>
              </value>
            </param>
            <param index="1">
              <value>
                <![CDATA[book@123]]>
              </value>
            </param>
          </params>
          <reporter-output>
          </reporter-output>
        </test-method> <!-- Invalid_Login -->
        <test-method is-config="true" signature="meth()[pri:0, instance:com.mindtree.runner.BigSmall_Runner@67f639d3]" started-at="2021-11-18T20:34:50 IST" name="meth" finished-at="2021-11-18T20:34:50 IST" duration-ms="1" status="PASS">
          <reporter-output>
          </reporter-output>
        </test-method> <!-- meth -->
        <test-method signature="Invalid_Login(java.lang.String,java.lang.String)[pri:2, instance:com.mindtree.runner.BigSmall_Runner@67f639d3]" started-at="2021-11-18T20:34:50 IST" name="Invalid_Login" data-provider="data_values" finished-at="2021-11-18T20:35:28 IST" duration-ms="37827" status="PASS">
          <params>
            <param index="0">
              <value>
                <![CDATA[sedifek@otozuz.com]]>
              </value>
            </param>
            <param index="1">
              <value>
                <![CDATA[book@1]]>
              </value>
            </param>
          </params>
          <reporter-output>
          </reporter-output>
        </test-method> <!-- Invalid_Login -->
        <test-method is-config="true" signature="meth()[pri:0, instance:com.mindtree.runner.BigSmall_Runner@67f639d3]" started-at="2021-11-18T20:35:28 IST" name="meth" finished-at="2021-11-18T20:35:28 IST" duration-ms="0" status="PASS">
          <reporter-output>
          </reporter-output>
        </test-method> <!-- meth -->
        <test-method signature="Forgot_Login()[pri:3, instance:com.mindtree.runner.BigSmall_Runner@67f639d3]" started-at="2021-11-18T20:35:28 IST" name="Forgot_Login" finished-at="2021-11-18T20:36:08 IST" duration-ms="40180" status="PASS">
          <reporter-output>
          </reporter-output>
        </test-method> <!-- Forgot_Login -->
        <test-method is-config="true" signature="meth()[pri:0, instance:com.mindtree.runner.BigSmall_Runner@67f639d3]" started-at="2021-11-18T20:36:08 IST" name="meth" finished-at="2021-11-18T20:36:08 IST" duration-ms="1" status="PASS">
          <reporter-output>
          </reporter-output>
        </test-method> <!-- meth -->
        <test-method signature="SearchBar()[pri:4, instance:com.mindtree.runner.BigSmall_Runner@67f639d3]" started-at="2021-11-18T20:36:08 IST" name="SearchBar" finished-at="2021-11-18T20:37:08 IST" duration-ms="60418" status="PASS">
          <reporter-output>
          </reporter-output>
        </test-method> <!-- SearchBar -->
        <test-method is-config="true" signature="meth()[pri:0, instance:com.mindtree.runner.BigSmall_Runner@67f639d3]" started-at="2021-11-18T20:37:08 IST" name="meth" finished-at="2021-11-18T20:37:08 IST" duration-ms="1" status="PASS">
          <reporter-output>
          </reporter-output>
        </test-method> <!-- meth -->
        <test-method signature="Header()[pri:5, instance:com.mindtree.runner.BigSmall_Runner@67f639d3]" started-at="2021-11-18T20:37:08 IST" name="Header" finished-at="2021-11-18T20:37:40 IST" duration-ms="31832" status="PASS">
          <reporter-output>
          </reporter-output>
        </test-method> <!-- Header -->
        <test-method is-config="true" signature="meth()[pri:0, instance:com.mindtree.runner.BigSmall_Runner@67f639d3]" started-at="2021-11-18T20:37:40 IST" name="meth" finished-at="2021-11-18T20:37:40 IST" duration-ms="1" status="PASS">
          <reporter-output>
          </reporter-output>
        </test-method> <!-- meth -->
        <test-method signature="Latest()[pri:6, instance:com.mindtree.runner.BigSmall_Runner@67f639d3]" started-at="2021-11-18T20:37:40 IST" name="Latest" finished-at="2021-11-18T20:38:12 IST" duration-ms="32176" status="PASS">
          <reporter-output>
          </reporter-output>
        </test-method> <!-- Latest -->
        <test-method is-config="true" signature="meth()[pri:0, instance:com.mindtree.runner.BigSmall_Runner@67f639d3]" started-at="2021-11-18T20:38:12 IST" name="meth" finished-at="2021-11-18T20:38:12 IST" duration-ms="0" status="PASS">
          <reporter-output>
          </reporter-output>
        </test-method> <!-- meth -->
        <test-method signature="Wishlist()[pri:7, instance:com.mindtree.runner.BigSmall_Runner@67f639d3]" started-at="2021-11-18T20:38:12 IST" name="Wishlist" finished-at="2021-11-18T20:38:27 IST" duration-ms="15194" status="PASS">
          <reporter-output>
          </reporter-output>
        </test-method> <!-- Wishlist -->
        <test-method is-config="true" signature="meth()[pri:0, instance:com.mindtree.runner.BigSmall_Runner@67f639d3]" started-at="2021-11-18T20:38:27 IST" name="meth" finished-at="2021-11-18T20:38:27 IST" duration-ms="0" status="PASS">
          <reporter-output>
          </reporter-output>
        </test-method> <!-- meth -->
        <test-method signature="Cart_checkout()[pri:8, instance:com.mindtree.runner.BigSmall_Runner@67f639d3]" started-at="2021-11-18T20:38:27 IST" name="Cart_checkout" finished-at="2021-11-18T20:38:56 IST" duration-ms="28783" status="PASS">
          <reporter-output>
          </reporter-output>
        </test-method> <!-- Cart_checkout -->
        <test-method is-config="true" signature="meth()[pri:0, instance:com.mindtree.runner.BigSmall_Runner@67f639d3]" started-at="2021-11-18T20:38:56 IST" name="meth" finished-at="2021-11-18T20:38:56 IST" duration-ms="1" status="PASS">
          <reporter-output>
          </reporter-output>
        </test-method> <!-- meth -->
        <test-method signature="Cart_remove()[pri:9, instance:com.mindtree.runner.BigSmall_Runner@67f639d3]" started-at="2021-11-18T20:38:56 IST" name="Cart_remove" finished-at="2021-11-18T20:39:15 IST" duration-ms="19052" status="PASS">
          <reporter-output>
          </reporter-output>
        </test-method> <!-- Cart_remove -->
        <test-method is-config="true" signature="meth()[pri:0, instance:com.mindtree.runner.BigSmall_Runner@67f639d3]" started-at="2021-11-18T20:39:15 IST" name="meth" finished-at="2021-11-18T20:39:15 IST" duration-ms="0" status="PASS">
          <reporter-output>
          </reporter-output>
        </test-method> <!-- meth -->
        <test-method signature="Footer_ContactUS()[pri:10, instance:com.mindtree.runner.BigSmall_Runner@67f639d3]" started-at="2021-11-18T20:39:15 IST" name="Footer_ContactUS" finished-at="2021-11-18T20:39:44 IST" duration-ms="28534" status="PASS">
          <reporter-output>
          </reporter-output>
        </test-method> <!-- Footer_ContactUS -->
        <test-method is-config="true" signature="meth()[pri:0, instance:com.mindtree.runner.BigSmall_Runner@67f639d3]" started-at="2021-11-18T20:39:44 IST" name="meth" finished-at="2021-11-18T20:39:44 IST" duration-ms="1" status="PASS">
          <reporter-output>
          </reporter-output>
        </test-method> <!-- meth -->
        <test-method is-config="true" signature="end()[pri:0, instance:com.mindtree.runner.BigSmall_Runner@67f639d3]" started-at="2021-11-18T20:39:44 IST" name="end" finished-at="2021-11-18T20:39:51 IST" duration-ms="7174" status="PASS">
          <reporter-output>
          </reporter-output>
        </test-method> <!-- end -->
      </class> <!-- com.mindtree.runner.BigSmall_Runner -->
    </test> <!-- Default test -->
  </suite> <!-- Default suite -->
</testng-results>
